
Auto library: shb_l.a -> C:\Program Files\IAR Systems\Embedded Workbench 7.0\arm\lib\shb_l.a
Auto library: rt7M_tl.a -> C:\Program Files\IAR Systems\Embedded Workbench 7.0\arm\lib\rt7M_tl.a
Auto library: m7M_tl.a -> C:\Program Files\IAR Systems\Embedded Workbench 7.0\arm\lib\m7M_tl.a
Auto library: dl7M_tln.a -> C:\Program Files\IAR Systems\Embedded Workbench 7.0\arm\lib\dl7M_tln.a

Library configuration:

  extra init __iar_cstart_call_ctors
  no_inline  __DebugBreak
  no_inline  __iar_return_from_swi
  no_inline  __iar_semihosting
  no_inline  __iar_sh_stdout_swo

  Module specific redirects:

    unaligned access redirects:

      Symbol            Redirected to
      ------            -------------
      __aeabi_memcpy    __iar_unaligned___aeabi_memcpy
      __aeabi_memcpy4   __iar_unaligned___aeabi_memcpy4
      __aeabi_memcpy8   __iar_unaligned___aeabi_memcpy8
      __aeabi_memmove   __iar_unaligned___aeabi_memmove
      __aeabi_memmove4  __iar_unaligned___aeabi_memmove4
      __aeabi_memmove8  __iar_unaligned___aeabi_memmove8
      memcmp            __iar_unaligned_memcmp
      strcmp            __iar_unaligned_strcmp
      strcpy            __iar_unaligned_strcpy
      strncpy           __iar_unaligned_strncpy

      E:\jansion\project\Bluno M3 bootloader\IAR_Pro\Debug\Obj\main.o

